This is pdfTeX, Version 3.141592653-2.6-1.40.26 (TeX Live 2024/Homebrew) (preloaded format=pdflatex 2024.7.17)  5 NOV 2024 23:56
entering extended mode
 restricted \write18 enabled.
 file:line:error style messages enabled.
 %&-line parsing enabled.
**PHY121_FinalProject_AbereniOpuiyo.tex
(./PHY121_FinalProject_AbereniOpuiyo.tex
LaTeX2e <2023-11-01> patch level 1
L3 programming layer <2024-02-20>
(/usr/local/Cellar/texlive/20240312_1/share/texmf-dist/tex/latex/base/article.cls
Document Class: article 2023/05/17 v1.4n Standard LaTeX document class
(/usr/local/Cellar/texlive/20240312_1/share/texmf-dist/tex/latex/base/size12.clo
File: size12.clo 2023/05/17 v1.4n Standard LaTeX file (size option)
)
\c@part=\count188
\c@section=\count189
\c@subsection=\count190
\c@subsubsection=\count191
\c@paragraph=\count192
\c@subparagraph=\count193
\c@figure=\count194
\c@table=\count195
\abovecaptionskip=\skip48
\belowcaptionskip=\skip49
\bibindent=\dimen140
) (/usr/local/Cellar/texlive/20240312_1/share/texmf-dist/tex/latex/base/textcomp.sty
Package: textcomp 2020/02/02 v2.0n Standard LaTeX package
) (/usr/local/Cellar/texlive/20240312_1/share/texmf-dist/tex/latex/gensymb/gensymb.sty
Package: gensymb 2022/10/17 v1.0.2 (KJH)
) (/usr/local/Cellar/texlive/20240312_1/share/texmf-dist/tex/latex/graphics/graphicx.sty
Package: graphicx 2021/09/16 v1.2d Enhanced LaTeX Graphics (DPC,SPQR)
 (/usr/local/Cellar/texlive/20240312_1/share/texmf-dist/tex/latex/graphics/keyval.sty
Package: keyval 2022/05/29 v1.15 key=value parser (DPC)
\KV@toks@=\toks17
) (/usr/local/Cellar/texlive/20240312_1/share/texmf-dist/tex/latex/graphics/graphics.sty
Package: graphics 2022/03/10 v1.4e Standard LaTeX Graphics (DPC,SPQR)
 (/usr/local/Cellar/texlive/20240312_1/share/texmf-dist/tex/latex/graphics/trig.sty
Package: trig 2021/08/11 v1.11 sin cos tan (DPC)
) (/usr/local/Cellar/texlive/20240312_1/share/texmf-dist/tex/latex/graphics-cfg/graphics.cfg
File: graphics.cfg 2016/06/04 v1.11 sample graphics configuration
)
Package graphics Info: Driver file: pdftex.def on input line 107.
 (/usr/local/Cellar/texlive/20240312_1/share/texmf-dist/tex/latex/graphics-def/pdftex.def
File: pdftex.def 2022/09/22 v1.2b Graphics/color driver for pdftex
))
\Gin@req@height=\dimen141
\Gin@req@width=\dimen142
) (/usr/local/Cellar/texlive/20240312_1/share/texmf-dist/tex/latex/amsmath/amsmath.sty
Package: amsmath 2023/05/13 v2.17o AMS math features
\@mathmargin=\skip50

For additional information on amsmath, use the `?' option.
(/usr/local/Cellar/texlive/20240312_1/share/texmf-dist/tex/latex/amsmath/amstext.sty
Package: amstext 2021/08/26 v2.01 AMS text
 (/usr/local/Cellar/texlive/20240312_1/share/texmf-dist/tex/latex/amsmath/amsgen.sty
File: amsgen.sty 1999/11/30 v2.0 generic functions
\@emptytoks=\toks18
\ex@=\dimen143
)) (/usr/local/Cellar/texlive/20240312_1/share/texmf-dist/tex/latex/amsmath/amsbsy.sty
Package: amsbsy 1999/11/29 v1.2d Bold Symbols
\pmbraise@=\dimen144
) (/usr/local/Cellar/texlive/20240312_1/share/texmf-dist/tex/latex/amsmath/amsopn.sty
Package: amsopn 2022/04/08 v2.04 operator names
)
\inf@bad=\count196
LaTeX Info: Redefining \frac on input line 234.
\uproot@=\count197
\leftroot@=\count198
LaTeX Info: Redefining \overline on input line 399.
LaTeX Info: Redefining \colon on input line 410.
\classnum@=\count199
\DOTSCASE@=\count266
LaTeX Info: Redefining \ldots on input line 496.
LaTeX Info: Redefining \dots on input line 499.
LaTeX Info: Redefining \cdots on input line 620.
\Mathstrutbox@=\box51
\strutbox@=\box52
LaTeX Info: Redefining \big on input line 722.
LaTeX Info: Redefining \Big on input line 723.
LaTeX Info: Redefining \bigg on input line 724.
LaTeX Info: Redefining \Bigg on input line 725.
\big@size=\dimen145
LaTeX Font Info:    Redeclaring font encoding OML on input line 743.
LaTeX Font Info:    Redeclaring font encoding OMS on input line 744.
\macc@depth=\count267
LaTeX Info: Redefining \bmod on input line 905.
LaTeX Info: Redefining \pmod on input line 910.
LaTeX Info: Redefining \smash on input line 940.
LaTeX Info: Redefining \relbar on input line 970.
LaTeX Info: Redefining \Relbar on input line 971.
\c@MaxMatrixCols=\count268
\dotsspace@=\muskip16
\c@parentequation=\count269
\dspbrk@lvl=\count270
\tag@help=\toks19
\row@=\count271
\column@=\count272
\maxfields@=\count273
\andhelp@=\toks20
\eqnshift@=\dimen146
\alignsep@=\dimen147
\tagshift@=\dimen148
\tagwidth@=\dimen149
\totwidth@=\dimen150
\lineht@=\dimen151
\@envbody=\toks21
\multlinegap=\skip51
\multlinetaggap=\skip52
\mathdisplay@stack=\toks22
LaTeX Info: Redefining \[ on input line 2953.
LaTeX Info: Redefining \] on input line 2954.
) (/usr/local/Cellar/texlive/20240312_1/share/texmf-dist/tex/latex/geometry/geometry.sty
Package: geometry 2020/01/02 v5.9 Page Geometry
 (/usr/local/Cellar/texlive/20240312_1/share/texmf-dist/tex/generic/iftex/ifvtex.sty
Package: ifvtex 2019/10/25 v1.7 ifvtex legacy package. Use iftex instead.
 (/usr/local/Cellar/texlive/20240312_1/share/texmf-dist/tex/generic/iftex/iftex.sty
Package: iftex 2022/02/03 v1.0f TeX engine tests
))
\Gm@cnth=\count274
\Gm@cntv=\count275
\c@Gm@tempcnt=\count276
\Gm@bindingoffset=\dimen152
\Gm@wd@mp=\dimen153
\Gm@odd@mp=\dimen154
\Gm@even@mp=\dimen155
\Gm@layoutwidth=\dimen156
\Gm@layoutheight=\dimen157
\Gm@layouthoffset=\dimen158
\Gm@layoutvoffset=\dimen159
\Gm@dimlist=\toks23
) (/usr/local/Cellar/texlive/20240312_1/share/texmf-dist/tex/latex/fancyhdr/fancyhdr.sty
Package: fancyhdr 2022/11/09 v4.1 Extensive control of page headers and footers
\f@nch@headwidth=\skip53
\f@nch@O@elh=\skip54
\f@nch@O@erh=\skip55
\f@nch@O@olh=\skip56
\f@nch@O@orh=\skip57
\f@nch@O@elf=\skip58
\f@nch@O@erf=\skip59
\f@nch@O@olf=\skip60
\f@nch@O@orf=\skip61
) (/usr/local/Cellar/texlive/20240312_1/share/texmf-dist/tex/latex/setspace/setspace.sty
Package: setspace 2022/12/04 v6.7b set line spacing
) (/usr/local/Cellar/texlive/20240312_1/share/texmf-dist/tex/latex/titlesec/titlesec.sty
Package: titlesec 2023/10/27 v2.16 Sectioning titles
\ttl@box=\box53
\beforetitleunit=\skip62
\aftertitleunit=\skip63
\ttl@plus=\dimen160
\ttl@minus=\dimen161
\ttl@toksa=\toks24
\titlewidth=\dimen162
\titlewidthlast=\dimen163
\titlewidthfirst=\dimen164
) (/usr/local/Cellar/texlive/20240312_1/share/texmf-dist/tex/latex/tocloft/tocloft.sty
Package: tocloft 2017/08/31 v2.3i parameterised ToC, etc., typesetting
Package tocloft Info: The document has section divisions on input line 51.
\cftparskip=\skip64
\cftbeforetoctitleskip=\skip65
\cftaftertoctitleskip=\skip66
\cftbeforepartskip=\skip67
\cftpartnumwidth=\skip68
\cftpartindent=\skip69
\cftbeforesecskip=\skip70
\cftsecindent=\skip71
\cftsecnumwidth=\skip72
\cftbeforesubsecskip=\skip73
\cftsubsecindent=\skip74
\cftsubsecnumwidth=\skip75
\cftbeforesubsubsecskip=\skip76
\cftsubsubsecindent=\skip77
\cftsubsubsecnumwidth=\skip78
\cftbeforeparaskip=\skip79
\cftparaindent=\skip80
\cftparanumwidth=\skip81
\cftbeforesubparaskip=\skip82
\cftsubparaindent=\skip83
\cftsubparanumwidth=\skip84
\cftbeforeloftitleskip=\skip85
\cftafterloftitleskip=\skip86
\cftbeforefigskip=\skip87
\cftfigindent=\skip88
\cftfignumwidth=\skip89
\c@lofdepth=\count277
\c@lotdepth=\count278
\cftbeforelottitleskip=\skip90
\cftafterlottitleskip=\skip91
\cftbeforetabskip=\skip92
\cfttabindent=\skip93
\cfttabnumwidth=\skip94
) (/usr/local/Cellar/texlive/20240312_1/share/texmf-dist/tex/latex/xcolor/xcolor.sty
Package: xcolor 2023/11/15 v3.01 LaTeX color extensions (UK)
 (/usr/local/Cellar/texlive/20240312_1/share/texmf-dist/tex/latex/graphics-cfg/color.cfg
File: color.cfg 2016/01/02 v1.6 sample color configuration
)
Package xcolor Info: Driver file: pdftex.def on input line 274.
 (/usr/local/Cellar/texlive/20240312_1/share/texmf-dist/tex/latex/graphics/mathcolor.ltx)
Package xcolor Info: Model `cmy' substituted by `cmy0' on input line 1350.
Package xcolor Info: Model `hsb' substituted by `rgb' on input line 1354.
Package xcolor Info: Model `RGB' extended on input line 1366.
Package xcolor Info: Model `HTML' substituted by `rgb' on input line 1368.
Package xcolor Info: Model `Hsb' substituted by `hsb' on input line 1369.
Package xcolor Info: Model `tHsb' substituted by `hsb' on input line 1370.
Package xcolor Info: Model `HSB' substituted by `hsb' on input line 1371.
Package xcolor Info: Model `Gray' substituted by `gray' on input line 1372.
Package xcolor Info: Model `wave' substituted by `hsb' on input line 1373.
) (/usr/local/Cellar/texlive/20240312_1/share/texmf-dist/tex/latex/enumitem/enumitem.sty
Package: enumitem 2019/06/20 v3.9 Customized lists
\labelindent=\skip95
\enit@outerparindent=\dimen165
\enit@toks=\toks25
\enit@inbox=\box54
\enit@count@id=\count279
\enitdp@description=\count280
) (/usr/local/Cellar/texlive/20240312_1/share/texmf-dist/tex/latex/float/float.sty
Package: float 2001/11/08 v1.3d Float enhancements (AL)
\c@float@type=\count281
\float@exts=\toks26
\float@box=\box55
\@float@everytoks=\toks27
\@floatcapt=\box56
) (/usr/local/Cellar/texlive/20240312_1/share/texmf-dist/tex/latex/l3backend/l3backend-pdftex.def
File: l3backend-pdftex.def 2024-02-20 L3 backend support: PDF output (pdfTeX)
\l__color_backend_stack_int=\count282
\l__pdf_internal_box=\box57
) (./PHY121_FinalProject_AbereniOpuiyo.aux)
\openout1 = `PHY121_FinalProject_AbereniOpuiyo.aux'.

LaTeX Font Info:    Checking defaults for OML/cmm/m/it on input line 80.
LaTeX Font Info:    ... okay on input line 80.
LaTeX Font Info:    Checking defaults for OMS/cmsy/m/n on input line 80.
LaTeX Font Info:    ... okay on input line 80.
LaTeX Font Info:    Checking defaults for OT1/cmr/m/n on input line 80.
LaTeX Font Info:    ... okay on input line 80.
LaTeX Font Info:    Checking defaults for T1/cmr/m/n on input line 80.
LaTeX Font Info:    ... okay on input line 80.
LaTeX Font Info:    Checking defaults for TS1/cmr/m/n on input line 80.
LaTeX Font Info:    ... okay on input line 80.
LaTeX Font Info:    Checking defaults for OMX/cmex/m/n on input line 80.
LaTeX Font Info:    ... okay on input line 80.
LaTeX Font Info:    Checking defaults for U/cmr/m/n on input line 80.
LaTeX Font Info:    ... okay on input line 80.
\symgns@font=\mathgroup4
LaTeX Font Info:    Overwriting symbol font `gns@font' in version `bold'
(Font)                  TS1/cmr/m/n --> TS1/cmr/b/n on input line 80.
Package gensymb Info: Math companion symbols declared on input line 80.
LaTeX Info: Redefining \degree on input line 80.
LaTeX Info: Redefining \celsius on input line 80.
Package gensymb Info: Using text companion symbols for \degree, \celsius and \perthousand on input line 80.
LaTeX Info: Redefining \ohm on input line 80.
Package gensymb Info: Using \textohm for \ohm on input line 80.
Package gensymb Info: Using \textmu for \micro on input line 80.
 (/usr/local/Cellar/texlive/20240312_1/share/texmf-dist/tex/context/base/mkii/supp-pdf.mkii
[Loading MPS to PDF converter (version 2006.09.02).]
\scratchcounter=\count283
\scratchdimen=\dimen166
\scratchbox=\box58
\nofMPsegments=\count284
\nofMParguments=\count285
\everyMPshowfont=\toks28
\MPscratchCnt=\count286
\MPscratchDim=\dimen167
\MPnumerator=\count287
\makeMPintoPDFobject=\count288
\everyMPtoPDFconversion=\toks29
) (/usr/local/Cellar/texlive/20240312_1/share/texmf-dist/tex/latex/epstopdf-pkg/epstopdf-base.sty
Package: epstopdf-base 2020-01-24 v2.11 Base part for package epstopdf
Package epstopdf-base Info: Redefining graphics rule for `.eps' on input line 485.
 (/usr/local/Cellar/texlive/20240312_1/share/texmf-dist/tex/latex/latexconfig/epstopdf-sys.cfg
File: epstopdf-sys.cfg 2010/07/13 v1.3 Configuration of (r)epstopdf for TeX Live
))
*geometry* driver: auto-detecting
*geometry* detected driver: pdftex
*geometry* verbose mode - [ preamble ] result:
* driver: pdftex
* paper: a4paper
* layout: <same size as paper>
* layoutoffset:(h,v)=(0.0pt,0.0pt)
* modes: 
* h-part:(L,W,R)=(86.72377pt, 424.06033pt, 86.72377pt)
* v-part:(T,H,B)=(86.72377pt, 671.5993pt, 86.72377pt)
* \paperwidth=597.50787pt
* \paperheight=845.04684pt
* \textwidth=424.06033pt
* \textheight=671.5993pt
* \oddsidemargin=14.45378pt
* \evensidemargin=14.45378pt
* \topmargin=-22.54622pt
* \headheight=12.0pt
* \headsep=25.0pt
* \topskip=12.0pt
* \footskip=30.0pt
* \marginparwidth=35.0pt
* \marginparsep=10.0pt
* \columnsep=10.0pt
* \skip\footins=10.8pt plus 4.0pt minus 2.0pt
* \hoffset=0.0pt
* \voffset=0.0pt
* \mag=1000
* \@twocolumnfalse
* \@twosidefalse
* \@mparswitchfalse
* \@reversemarginfalse
* (1in=72.27pt=25.4mm, 1cm=28.453pt)

<dutchess-logo-blue.png, id=1, 424.58624pt x 107.40125pt>
File: dutchess-logo-blue.png Graphic file (type png)
<use dutchess-logo-blue.png>
Package pdftex.def Info: dutchess-logo-blue.png  used on input line 81.
(pdftex.def)             Requested size: 233.23447pt x 58.99875pt.
[1

{/usr/local/Cellar/texlive/20240312_1/share/texmf-dist/fonts/map/pdftex/updmap/pdftex.map} <./dutchess-logo-blue.png>] (./PHY121_FinalProject_AbereniOpuiyo.toc)
\tf@toc=\write3
\openout3 = `PHY121_FinalProject_AbereniOpuiyo.toc'.



Package fancyhdr Warning: \headheight is too small (12.0pt): 
(fancyhdr)                Make it at least 14.49998pt, for example:
(fancyhdr)                \setlength{\headheight}{14.49998pt}.
(fancyhdr)                You might also make \topmargin smaller to compensate:
(fancyhdr)                \addtolength{\topmargin}{-2.49998pt}.

[1]
Underfull \hbox (badness 10000) in paragraph at lines 133--134

 []

<U1_P1_A.png, id=14, 1525.7pt x 403.5075pt>
File: U1_P1_A.png Graphic file (type png)
<use U1_P1_A.png>
Package pdftex.def Info: U1_P1_A.png  used on input line 139.
(pdftex.def)             Requested size: 339.24956pt x 89.7201pt.

./PHY121_FinalProject_AbereniOpuiyo.tex:141: LaTeX Error: There's no line here to end.

See the LaTeX manual or LaTeX Companion for explanation.
Type  H <return>  for immediate help.
 ...                                              
                                                  
l.141 
      
Your command was ignored.
Type  I <command> <return>  to replace it with another command,
or  <return>  to continue without it.


Underfull \hbox (badness 10000) in paragraph at lines 143--144

 []

<U1_P1_B.png, id=15, 1968.35374pt x 549.05125pt>
File: U1_P1_B.png Graphic file (type png)
<use U1_P1_B.png>
Package pdftex.def Info: U1_P1_B.png  used on input line 149.
(pdftex.def)             Requested size: 339.24956pt x 94.62766pt.

Package fancyhdr Warning: \headheight is too small (12.0pt): 
(fancyhdr)                Make it at least 14.49998pt, for example:
(fancyhdr)                \setlength{\headheight}{14.49998pt}.
(fancyhdr)                You might also make \topmargin smaller to compensate:
(fancyhdr)                \addtolength{\topmargin}{-2.49998pt}.

[2 <./U1_P1_A.png>]
Underfull \hbox (badness 10000) in paragraph at lines 153--154

 []

<U1_P1_C.png, id=21, 1439.3775pt x 529.98pt>
File: U1_P1_C.png Graphic file (type png)
<use U1_P1_C.png>
Package pdftex.def Info: U1_P1_C.png  used on input line 159.
(pdftex.def)             Requested size: 339.24956pt x 124.90921pt.

Underfull \hbox (badness 10000) in paragraph at lines 163--164

 []

<U1_P1_D.png, id=22, 1173.38374pt x 467.7475pt>
File: U1_P1_D.png Graphic file (type png)
<use U1_P1_D.png>
Package pdftex.def Info: U1_P1_D.png  used on input line 169.
(pdftex.def)             Requested size: 339.24956pt x 135.22932pt.

Package fancyhdr Warning: \headheight is too small (12.0pt): 
(fancyhdr)                Make it at least 14.49998pt, for example:
(fancyhdr)                \setlength{\headheight}{14.49998pt}.
(fancyhdr)                You might also make \topmargin smaller to compensate:
(fancyhdr)                \addtolength{\topmargin}{-2.49998pt}.

[3 <./U1_P1_B.png> <./U1_P1_C.png> <./U1_P1_D.png>]
Underfull \hbox (badness 10000) in paragraph at lines 174--175

 []

<U1_P1_E.png, id=26, 2056.68375pt x 575.14874pt>
File: U1_P1_E.png Graphic file (type png)
<use U1_P1_E.png>
Package pdftex.def Info: U1_P1_E.png  used on input line 180.
(pdftex.def)             Requested size: 339.24956pt x 94.86911pt.

Underfull \hbox (badness 10000) in paragraph at lines 187--188

 []


Underfull \hbox (badness 10000) in paragraph at lines 189--190

 []

<U1_P2_A.png, id=27, 1522.68875pt x 181.67876pt>
File: U1_P2_A.png Graphic file (type png)
<use U1_P2_A.png>
Package pdftex.def Info: U1_P2_A.png  used on input line 195.
(pdftex.def)             Requested size: 339.24956pt x 40.47675pt.

Underfull \hbox (badness 10000) in paragraph at lines 199--200

 []

<U1_P2_B.png, id=28, 1709.38625pt x 160.6pt>
File: U1_P2_B.png Graphic file (type png)
<use U1_P2_B.png>
Package pdftex.def Info: U1_P2_B.png  used on input line 205.
(pdftex.def)             Requested size: 339.24956pt x 31.87192pt.

Underfull \hbox (badness 10000) in paragraph at lines 209--210

 []

<U1_P2_C.png, id=29, 2116.90875pt x 696.6025pt>
File: U1_P2_C.png Graphic file (type png)
<use U1_P2_C.png>
Package pdftex.def Info: U1_P2_C.png  used on input line 215.
(pdftex.def)             Requested size: 339.24956pt x 111.62874pt.

Underfull \hbox (badness 10000) in paragraph at lines 220--221

 []


Package fancyhdr Warning: \headheight is too small (12.0pt): 
(fancyhdr)                Make it at least 14.49998pt, for example:
(fancyhdr)                \setlength{\headheight}{14.49998pt}.
(fancyhdr)                You might also make \topmargin smaller to compensate:
(fancyhdr)                \addtolength{\topmargin}{-2.49998pt}.

[4 <./U1_P1_E.png> <./U1_P2_A.png> <./U1_P2_B.png> <./U1_P2_C.png>]
<U1_P2_D.png, id=33, 1339.0025pt x 457.71pt>
File: U1_P2_D.png Graphic file (type png)
<use U1_P2_D.png>
Package pdftex.def Info: U1_P2_D.png  used on input line 228.
(pdftex.def)             Requested size: 339.24956pt x 115.96371pt.


Package fancyhdr Warning: \headheight is too small (12.0pt): 
(fancyhdr)                Make it at least 14.49998pt, for example:
(fancyhdr)                \setlength{\headheight}{14.49998pt}.
(fancyhdr)                You might also make \topmargin smaller to compensate:
(fancyhdr)                \addtolength{\topmargin}{-2.49998pt}.

[5 <./U1_P2_D.png>]
Underfull \hbox (badness 10000) in paragraph at lines 262--263

 []


Underfull \hbox (badness 10000) in paragraph at lines 265--266

 []

<U2_P1_A.png, id=37, 621.32124pt x 868.24374pt>
File: U2_P1_A.png Graphic file (type png)
<use U2_P1_A.png>
Package pdftex.def Info: U2_P1_A.png  used on input line 271.
(pdftex.def)             Requested size: 127.21939pt x 177.77914pt.

Package fancyhdr Warning: \headheight is too small (12.0pt): 
(fancyhdr)                Make it at least 14.49998pt, for example:
(fancyhdr)                \setlength{\headheight}{14.49998pt}.
(fancyhdr)                You might also make \topmargin smaller to compensate:
(fancyhdr)                \addtolength{\topmargin}{-2.49998pt}.

[6 <./U2_P1_A.png>]
Underfull \hbox (badness 10000) in paragraph at lines 276--277

 []

<U2_P1_B.png, id=43, 841.1425pt x 932.48375pt>
File: U2_P1_B.png Graphic file (type png)
<use U2_P1_B.png>
Package pdftex.def Info: U2_P1_B.png  used on input line 282.
(pdftex.def)             Requested size: 127.21939pt x 141.03326pt.

Underfull \hbox (badness 10000) in paragraph at lines 285--286

 []

<U2_P1_C.png, id=44, 923.45pt x 974.64125pt>
File: U2_P1_C.png Graphic file (type png)
<use U2_P1_C.png>
Package pdftex.def Info: U2_P1_C.png  used on input line 291.
(pdftex.def)             Requested size: 127.21939pt x 134.26268pt.

Underfull \hbox (badness 10000) in paragraph at lines 294--295

 []

<U2_P1_D.png, id=45, 974.64125pt x 834.11626pt>
File: U2_P1_D.png Graphic file (type png)
<use U2_P1_D.png>
Package pdftex.def Info: U2_P1_D.png  used on input line 300.
(pdftex.def)             Requested size: 127.21939pt x 108.87166pt.

Package fancyhdr Warning: \headheight is too small (12.0pt): 
(fancyhdr)                Make it at least 14.49998pt, for example:
(fancyhdr)                \setlength{\headheight}{14.49998pt}.
(fancyhdr)                You might also make \topmargin smaller to compensate:
(fancyhdr)                \addtolength{\topmargin}{-2.49998pt}.

[7 <./U2_P1_B.png> <./U2_P1_C.png> <./U2_P1_D.png>]
Underfull \hbox (badness 10000) in paragraph at lines 315--316

 []


Underfull \hbox (badness 10000) in paragraph at lines 324--325

 []


Underfull \hbox (badness 10000) in paragraph at lines 327--328

 []

<U3_P1_A.png, id=50, 929.4725pt x 815.045pt>
File: U3_P1_A.png Graphic file (type png)
<use U3_P1_A.png>
Package pdftex.def Info: U3_P1_A.png  used on input line 333.
(pdftex.def)             Requested size: 212.03017pt x 185.9267pt.

Package fancyhdr Warning: \headheight is too small (12.0pt): 
(fancyhdr)                Make it at least 14.49998pt, for example:
(fancyhdr)                \setlength{\headheight}{14.49998pt}.
(fancyhdr)                You might also make \topmargin smaller to compensate:
(fancyhdr)                \addtolength{\topmargin}{-2.49998pt}.

[8 <./U3_P1_A.png>]
Underfull \hbox (badness 10000) in paragraph at lines 338--339

 []

<U3_P1_B.png, id=54, 958.58125pt x 696.6025pt>
File: U3_P1_B.png Graphic file (type png)
<use U3_P1_B.png>
Package pdftex.def Info: U3_P1_B.png  used on input line 344.
(pdftex.def)             Requested size: 212.03017pt x 154.0821pt.

Underfull \hbox (badness 10000) in paragraph at lines 347--348

 []

<U3_P1_C.png, id=55, 1344.02126pt x 465.74pt>
File: U3_P1_C.png Graphic file (type png)
<use U3_P1_C.png>
Package pdftex.def Info: U3_P1_C.png  used on input line 353.
(pdftex.def)             Requested size: 212.03017pt x 73.46814pt.

Underfull \hbox (badness 10000) in paragraph at lines 356--357

 []

<U3_P1_D.png, id=56, 1130.2225pt x 630.355pt>
File: U3_P1_D.png Graphic file (type png)
<use U3_P1_D.png>
Package pdftex.def Info: U3_P1_D.png  used on input line 362.
(pdftex.def)             Requested size: 212.03017pt x 118.24898pt.

Package fancyhdr Warning: \headheight is too small (12.0pt): 
(fancyhdr)                Make it at least 14.49998pt, for example:
(fancyhdr)                \setlength{\headheight}{14.49998pt}.
(fancyhdr)                You might also make \topmargin smaller to compensate:
(fancyhdr)                \addtolength{\topmargin}{-2.49998pt}.

[9 <./U3_P1_B.png> <./U3_P1_C.png> <./U3_P1_D.png>]
Underfull \hbox (badness 10000) in paragraph at lines 367--368

 []

<U3_P1_E.png, id=60, 1676.2625pt x 337.26pt>
File: U3_P1_E.png Graphic file (type png)
<use U3_P1_E.png>
Package pdftex.def Info: U3_P1_E.png  used on input line 373.
(pdftex.def)             Requested size: 212.03017pt x 42.65657pt.

Underfull \hbox (badness 10000) in paragraph at lines 377--378

 []

<U3_P1_F.jpg, id=61, 2457.18pt x 1363.0925pt>
File: U3_P1_F.jpg Graphic file (type jpg)
<use U3_P1_F.jpg>
Package pdftex.def Info: U3_P1_F.jpg  used on input line 383.
(pdftex.def)             Requested size: 212.03017pt x 117.61885pt.

Package fancyhdr Warning: \headheight is too small (12.0pt): 
(fancyhdr)                Make it at least 14.49998pt, for example:
(fancyhdr)                \setlength{\headheight}{14.49998pt}.
(fancyhdr)                You might also make \topmargin smaller to compensate:
(fancyhdr)                \addtolength{\topmargin}{-2.49998pt}.

[10 <./U3_P1_E.png> <./U3_P1_F.jpg>] (./PHY121_FinalProject_AbereniOpuiyo.aux)
 ***********
LaTeX2e <2023-11-01> patch level 1
L3 programming layer <2024-02-20>
 ***********
 ) 
Here is how much of TeX's memory you used:
 4594 strings out of 474116
 71944 string characters out of 5734122
 1932187 words of memory out of 5000000
 26911 multiletter control sequences out of 15000+600000
 567703 words of font info for 68 fonts, out of 8000000 for 9000
 1141 hyphenation exceptions out of 8191
 57i,12n,65p,348b,245s stack positions out of 10000i,1000n,20000p,200000b,200000s
</usr/local/Cellar/texlive/20240312_1/share/texmf-dist/fonts/type1/public/amsfonts/cm/cmbx12.pfb></usr/local/Cellar/texlive/20240312_1/share/texmf-dist/fonts/type1/public/amsfonts/cm/cmbxti10.pfb></usr/local/Cellar/texlive/20240312_1/share/texmf-dist/fonts/type1/public/amsfonts/cm/cmr12.pfb></usr/local/Cellar/texlive/20240312_1/share/texmf-dist/fonts/type1/public/amsfonts/cm/cmr8.pfb></usr/local/Cellar/texlive/20240312_1/share/texmf-dist/fonts/type1/public/amsfonts/cm/cmsy8.pfb></usr/local/Cellar/texlive/20240312_1/share/texmf-dist/fonts/type1/public/amsfonts/cm/cmti12.pfb>
Output written on PHY121_FinalProject_AbereniOpuiyo.pdf (11 pages, 3524852 bytes).
PDF statistics:
 92 PDF objects out of 1000 (max. 8388607)
 45 compressed objects within 1 object stream
 0 named destinations out of 1000 (max. 500000)
 101 words of extra memory for PDF output out of 10000 (max. 10000000)

